<?xml version="1.0" encoding="UTF-8"?>
<!-- Generated by org.testng.reporters.JUnitReportReporter -->
<testsuite hostname="DESKTOP-ROIRK3H" failures="0" tests="1" name="vtiger.ContactsTest.CreateContactWithOrganization" time="50.317" errors="0" timestamp="2023-07-18T18:49:39 IST" skipped="0">
  <testcase classname="vtiger.ContactsTest.CreateContactWithOrganization" name="createContactWithOrg" time="50.317"/>
</testsuite> <!-- vtiger.ContactsTest.CreateContactWithOrganization -->
