<?xml version="1.0" encoding="UTF-8"?>
<!-- Generated by org.testng.reporters.JUnitReportReporter -->
<testsuite hostname="DESKTOP-ROIRK3H" failures="0" tests="1" name="vtiger_practice.AssertionsPractice" time="0.013" errors="0" timestamp="2023-07-25T12:37:38 IST" skipped="0">
  <testcase classname="vtiger_practice.AssertionsPractice" name="sampleTest" time="0.013"/>
</testsuite> <!-- vtiger_practice.AssertionsPractice -->
