<?xml version="1.0" encoding="UTF-8"?>
<!-- Generated by org.testng.reporters.JUnitReportReporter -->
<testsuite hostname="DESKTOP-ROIRK3H" failures="0" tests="3" name="vtiger_practice.TestNGDataProvider" time="0.015" errors="0" timestamp="2023-08-18T09:02:20 IST" skipped="0">
  <testcase classname="vtiger_practice.TestNGDataProvider" name="addToCartTest" time="0.009"/>
  <testcase classname="vtiger_practice.TestNGDataProvider" name="addToCartTest" time="0.004"/>
  <testcase classname="vtiger_practice.TestNGDataProvider" name="addToCartTest" time="0.002"/>
</testsuite> <!-- vtiger_practice.TestNGDataProvider -->
