<?xml version="1.0" encoding="UTF-8"?>
<!-- Generated by org.testng.reporters.JUnitReportReporter -->
<testsuite hostname="DESKTOP-ROIRK3H" failures="0" tests="5" name="vtiger_practice.TestNGPractice3" time="0.033" errors="0" timestamp="2023-07-19T17:52:12 IST" skipped="0">
  <testcase classname="vtiger_practice.TestNGPractice3" name="modifyCustomer" time="0.004"/>
  <testcase classname="vtiger_practice.TestNGPractice3" name="deleteCustomer" time="0.015"/>
  <testcase classname="vtiger_practice.TestNGPractice3" name="createCustomer" time="0.009"/>
  <testcase classname="vtiger_practice.TestNGPractice3" name="createCustomer" time="0.003"/>
  <testcase classname="vtiger_practice.TestNGPractice3" name="createCustomer" time="0.002"/>
</testsuite> <!-- vtiger_practice.TestNGPractice3 -->
