<?xml version="1.0" encoding="UTF-8"?>
<!-- Generated by org.testng.reporters.JUnitReportReporter -->
<testsuite hostname="DESKTOP-ROIRK3H" failures="0" tests="2" name="vtiger.ContactsTest.CreateContactWithOrganizationTests" time="94.148" errors="0" timestamp="2023-08-16T07:39:11 IST" skipped="0">
  <testcase classname="vtiger.ContactsTest.CreateContactWithOrganizationTests" name="createContactWithOrg" time="87.475">
    <system-out>
      <![CDATA[Org link clicked
create org look up image is clicked
Organization created
Contacts link clicked
create contact look up image is clicked
Contact is created]]>
    </system-out>
  </testcase> <!-- createContactWithOrg -->
  <testcase classname="vtiger.ContactsTest.CreateContactWithOrganizationTests" name="demotest" time="6.673"/>
  <system-out>
    <![CDATA[Org link clicked
create org look up image is clicked
Organization created
Contacts link clicked
create contact look up image is clicked
Contact is created]]>
  </system-out>
</testsuite> <!-- vtiger.ContactsTest.CreateContactWithOrganizationTests -->
