<?xml version="1.0" encoding="UTF-8"?>
<!-- Generated by org.testng.reporters.JUnitReportReporter -->
<testsuite hostname="DESKTOP-ROIRK3H" failures="0" tests="3" name="vtiger_practice.TestNGPractice" time="0.024" errors="0" timestamp="2023-07-18T18:57:48 IST" skipped="0">
  <testcase classname="vtiger_practice.TestNGPractice" name="modifyCustomer" time="0.015"/>
  <testcase classname="vtiger_practice.TestNGPractice" name="deleteCustomer" time="0.004"/>
  <testcase classname="vtiger_practice.TestNGPractice" name="createCustomer" time="0.005"/>
</testsuite> <!-- vtiger_practice.TestNGPractice -->
