<?xml version="1.0" encoding="UTF-8"?>
<!-- Generated by org.testng.reporters.JUnitReportReporter -->
<testsuite hostname="DESKTOP-ROIRK3H" failures="0" tests="1" name="vtiger_practice.ReadDtaFromCmdLineTest" time="0.016" errors="0" timestamp="2023-08-03T17:19:22 IST" skipped="0">
  <testcase classname="vtiger_practice.ReadDtaFromCmdLineTest" name="read" time="0.016"/>
</testsuite> <!-- vtiger_practice.ReadDtaFromCmdLineTest -->
