<?xml version="1.0" encoding="UTF-8"?>
<!-- Generated by org.testng.reporters.JUnitReportReporter -->
<testsuite hostname="DESKTOP-ROIRK3H" failures="0" tests="3" name="vtiger_practice.TestNGDataProvider" time="0.023" errors="0" timestamp="2023-08-02T12:06:17 IST" skipped="0">
  <testcase classname="vtiger_practice.TestNGDataProvider" name="addToCartTest" time="0.003"/>
  <testcase classname="vtiger_practice.TestNGDataProvider" name="addToCartTest" time="0.010"/>
  <testcase classname="vtiger_practice.TestNGDataProvider" name="addToCartTest" time="0.010"/>
</testsuite> <!-- vtiger_practice.TestNGDataProvider -->
